<?xml version="1.0" encoding="UTF-8"?>
<!-- Generated by org.testng.reporters.JUnitReportReporter -->
<testsuite skipped="0" hostname="dell" name="Academy.Homepage" tests="2" failures="0" timestamp="2020-02-25T18:46:37 IST" time="38.832" errors="0">
  <testcase name="openingbrowser" time="13.162" classname="Academy.Homepage"/>
  <system-out/>
  <testcase name="openingbrowser" time="25.670" classname="Academy.Homepage"/>
  <system-out/>
</testsuite> <!-- Academy.Homepage -->
